[07-Oct-2021 19:56:01 UTC] PHP Fatal error:  Uncaught Error: Call to undefined function get_trmplate_directory_uri() in C:\Users\Danilo\Local Sites\bikcraft\app\public\wp-content\themes\bikcraft\header.php:28
Stack trace:
#0 C:\Users\Danilo\Local Sites\bikcraft\app\public\wp-includes\template.php(770): require_once()
#1 C:\Users\Danilo\Local Sites\bikcraft\app\public\wp-includes\template.php(716): load_template('C:\\Users\\Danilo...', true, Array)
#2 C:\Users\Danilo\Local Sites\bikcraft\app\public\wp-includes\general-template.php(48): locate_template(Array, true, true, Array)
#3 C:\Users\Danilo\Local Sites\bikcraft\app\public\wp-content\themes\bikcraft\page-portfolio.php(3): get_header()
#4 C:\Users\Danilo\Local Sites\bikcraft\app\public\wp-includes\template-loader.php(106): include('C:\\Users\\Danilo...')
#5 C:\Users\Danilo\Local Sites\bikcraft\app\public\wp-blog-header.php(19): require_once('C:\\Users\\Danilo...')
#6 C:\Users\Danilo\Local Sites\bikcraft\app\public\index.php(17): require('C:\\Users\\Danilo...')
#7 {main}
  thrown in C:\Users\Danilo\Local Sites\bikcraft\app\public\wp-content\themes\bikcraft\header.php on line 28
[07-Oct-2021 19:56:02 UTC] PHP Fatal error:  Uncaught Error: Call to undefined function get_trmplate_directory_uri() in C:\Users\Danilo\Local Sites\bikcraft\app\public\wp-content\themes\bikcraft\header.php:28
Stack trace:
#0 C:\Users\Danilo\Local Sites\bikcraft\app\public\wp-includes\template.php(770): require_once()
#1 C:\Users\Danilo\Local Sites\bikcraft\app\public\wp-includes\template.php(716): load_template('C:\\Users\\Danilo...', true, Array)
#2 C:\Users\Danilo\Local Sites\bikcraft\app\public\wp-includes\general-template.php(48): locate_template(Array, true, true, Array)
#3 C:\Users\Danilo\Local Sites\bikcraft\app\public\wp-content\themes\bikcraft\index.php(1): get_header()
#4 C:\Users\Danilo\Local Sites\bikcraft\app\public\wp-includes\template-loader.php(106): include('C:\\Users\\Danilo...')
#5 C:\Users\Danilo\Local Sites\bikcraft\app\public\wp-blog-header.php(19): require_once('C:\\Users\\Danilo...')
#6 C:\Users\Danilo\Local Sites\bikcraft\app\public\index.php(17): require('C:\\Users\\Danilo...')
#7 {main}
  thrown in C:\Users\Danilo\Local Sites\bikcraft\app\public\wp-content\themes\bikcraft\header.php on line 28
[07-Oct-2021 19:56:02 UTC] PHP Fatal error:  Uncaught Error: Call to undefined function get_trmplate_directory_uri() in C:\Users\Danilo\Local Sites\bikcraft\app\public\wp-content\themes\bikcraft\header.php:28
Stack trace:
#0 C:\Users\Danilo\Local Sites\bikcraft\app\public\wp-includes\template.php(770): require_once()
#1 C:\Users\Danilo\Local Sites\bikcraft\app\public\wp-includes\template.php(716): load_template('C:\\Users\\Danilo...', true, Array)
#2 C:\Users\Danilo\Local Sites\bikcraft\app\public\wp-includes\general-template.php(48): locate_template(Array, true, true, Array)
#3 C:\Users\Danilo\Local Sites\bikcraft\app\public\wp-content\themes\bikcraft\index.php(1): get_header()
#4 C:\Users\Danilo\Local Sites\bikcraft\app\public\wp-includes\template-loader.php(106): include('C:\\Users\\Danilo...')
#5 C:\Users\Danilo\Local Sites\bikcraft\app\public\wp-blog-header.php(19): require_once('C:\\Users\\Danilo...')
#6 C:\Users\Danilo\Local Sites\bikcraft\app\public\index.php(17): require('C:\\Users\\Danilo...')
#7 {main}
  thrown in C:\Users\Danilo\Local Sites\bikcraft\app\public\wp-content\themes\bikcraft\header.php on line 28
[07-Oct-2021 19:56:02 UTC] PHP Fatal error:  Uncaught Error: Call to undefined function get_trmplate_directory_uri() in C:\Users\Danilo\Local Sites\bikcraft\app\public\wp-content\themes\bikcraft\header.php:28
Stack trace:
#0 C:\Users\Danilo\Local Sites\bikcraft\app\public\wp-includes\template.php(770): require_once()
#1 C:\Users\Danilo\Local Sites\bikcraft\app\public\wp-includes\template.php(716): load_template('C:\\Users\\Danilo...', true, Array)
#2 C:\Users\Danilo\Local Sites\bikcraft\app\public\wp-includes\general-template.php(48): locate_template(Array, true, true, Array)
#3 C:\Users\Danilo\Local Sites\bikcraft\app\public\wp-content\themes\bikcraft\index.php(1): get_header()
#4 C:\Users\Danilo\Local Sites\bikcraft\app\public\wp-includes\template-loader.php(106): include('C:\\Users\\Danilo...')
#5 C:\Users\Danilo\Local Sites\bikcraft\app\public\wp-blog-header.php(19): require_once('C:\\Users\\Danilo...')
#6 C:\Users\Danilo\Local Sites\bikcraft\app\public\index.php(17): require('C:\\Users\\Danilo...')
#7 {main}
  thrown in C:\Users\Danilo\Local Sites\bikcraft\app\public\wp-content\themes\bikcraft\header.php on line 28
[07-Oct-2021 20:03:32 UTC] PHP Parse error:  syntax error, unexpected 'class' (T_CLASS) in C:\Users\Danilo\Local Sites\bikcraft\app\public\wp-content\themes\bikcraft\page-contato.php on line 8
[07-Oct-2021 20:03:41 UTC] PHP Warning:  include(C:\Users\Danilo\Local Sites\bikcraft\app\public/wp-content/themes/bikcraft/inc/introdução.php): failed to open stream: No such file or directory in C:\Users\Danilo\Local Sites\bikcraft\app\public\wp-content\themes\bikcraft\page-contato.php on line 7
[07-Oct-2021 20:03:41 UTC] PHP Stack trace:
[07-Oct-2021 20:03:41 UTC] PHP   1. {main}() C:\Users\Danilo\Local Sites\bikcraft\app\public\index.php:0
[07-Oct-2021 20:03:41 UTC] PHP   2. require() C:\Users\Danilo\Local Sites\bikcraft\app\public\index.php:17
[07-Oct-2021 20:03:41 UTC] PHP   3. require_once() C:\Users\Danilo\Local Sites\bikcraft\app\public\wp-blog-header.php:19
[07-Oct-2021 20:03:41 UTC] PHP   4. include() C:\Users\Danilo\Local Sites\bikcraft\app\public\wp-includes\template-loader.php:106
[07-Oct-2021 20:03:41 UTC] PHP Warning:  include(): Failed opening 'C:\Users\Danilo\Local Sites\bikcraft\app\public/wp-content/themes/bikcraft/inc/introdução.php' for inclusion (include_path='.:/usr/share/php:/www/wp-content/pear') in C:\Users\Danilo\Local Sites\bikcraft\app\public\wp-content\themes\bikcraft\page-contato.php on line 7
[07-Oct-2021 20:03:41 UTC] PHP Stack trace:
[07-Oct-2021 20:03:41 UTC] PHP   1. {main}() C:\Users\Danilo\Local Sites\bikcraft\app\public\index.php:0
[07-Oct-2021 20:03:41 UTC] PHP   2. require() C:\Users\Danilo\Local Sites\bikcraft\app\public\index.php:17
[07-Oct-2021 20:03:41 UTC] PHP   3. require_once() C:\Users\Danilo\Local Sites\bikcraft\app\public\wp-blog-header.php:19
[07-Oct-2021 20:03:41 UTC] PHP   4. include() C:\Users\Danilo\Local Sites\bikcraft\app\public\wp-includes\template-loader.php:106
[07-Oct-2021 20:04:02 UTC] PHP Warning:  include(C:\Users\Danilo\Local Sites\bikcraft\app\public/wp-content/themes/bikcraft/inc/introdução.php): failed to open stream: No such file or directory in C:\Users\Danilo\Local Sites\bikcraft\app\public\wp-content\themes\bikcraft\page-contato.php on line 7
[07-Oct-2021 20:04:02 UTC] PHP Stack trace:
[07-Oct-2021 20:04:02 UTC] PHP   1. {main}() C:\Users\Danilo\Local Sites\bikcraft\app\public\index.php:0
[07-Oct-2021 20:04:02 UTC] PHP   2. require() C:\Users\Danilo\Local Sites\bikcraft\app\public\index.php:17
[07-Oct-2021 20:04:02 UTC] PHP   3. require_once() C:\Users\Danilo\Local Sites\bikcraft\app\public\wp-blog-header.php:19
[07-Oct-2021 20:04:02 UTC] PHP   4. include() C:\Users\Danilo\Local Sites\bikcraft\app\public\wp-includes\template-loader.php:106
[07-Oct-2021 20:04:02 UTC] PHP Warning:  include(): Failed opening 'C:\Users\Danilo\Local Sites\bikcraft\app\public/wp-content/themes/bikcraft/inc/introdução.php' for inclusion (include_path='.:/usr/share/php:/www/wp-content/pear') in C:\Users\Danilo\Local Sites\bikcraft\app\public\wp-content\themes\bikcraft\page-contato.php on line 7
[07-Oct-2021 20:04:02 UTC] PHP Stack trace:
[07-Oct-2021 20:04:02 UTC] PHP   1. {main}() C:\Users\Danilo\Local Sites\bikcraft\app\public\index.php:0
[07-Oct-2021 20:04:02 UTC] PHP   2. require() C:\Users\Danilo\Local Sites\bikcraft\app\public\index.php:17
[07-Oct-2021 20:04:02 UTC] PHP   3. require_once() C:\Users\Danilo\Local Sites\bikcraft\app\public\wp-blog-header.php:19
[07-Oct-2021 20:04:02 UTC] PHP   4. include() C:\Users\Danilo\Local Sites\bikcraft\app\public\wp-includes\template-loader.php:106
[07-Oct-2021 20:04:33 UTC] PHP Warning:  include(C:\Users\Danilo\Local Sites\bikcraft\app\public/wp-content/themes/bikcraft/inc/introducao.php): failed to open stream: No such file or directory in C:\Users\Danilo\Local Sites\bikcraft\app\public\wp-content\themes\bikcraft\page-contato.php on line 7
[07-Oct-2021 20:04:33 UTC] PHP Stack trace:
[07-Oct-2021 20:04:33 UTC] PHP   1. {main}() C:\Users\Danilo\Local Sites\bikcraft\app\public\index.php:0
[07-Oct-2021 20:04:33 UTC] PHP   2. require() C:\Users\Danilo\Local Sites\bikcraft\app\public\index.php:17
[07-Oct-2021 20:04:33 UTC] PHP   3. require_once() C:\Users\Danilo\Local Sites\bikcraft\app\public\wp-blog-header.php:19
[07-Oct-2021 20:04:33 UTC] PHP   4. include() C:\Users\Danilo\Local Sites\bikcraft\app\public\wp-includes\template-loader.php:106
[07-Oct-2021 20:04:33 UTC] PHP Warning:  include(): Failed opening 'C:\Users\Danilo\Local Sites\bikcraft\app\public/wp-content/themes/bikcraft/inc/introducao.php' for inclusion (include_path='.:/usr/share/php:/www/wp-content/pear') in C:\Users\Danilo\Local Sites\bikcraft\app\public\wp-content\themes\bikcraft\page-contato.php on line 7
[07-Oct-2021 20:04:33 UTC] PHP Stack trace:
[07-Oct-2021 20:04:33 UTC] PHP   1. {main}() C:\Users\Danilo\Local Sites\bikcraft\app\public\index.php:0
[07-Oct-2021 20:04:33 UTC] PHP   2. require() C:\Users\Danilo\Local Sites\bikcraft\app\public\index.php:17
[07-Oct-2021 20:04:33 UTC] PHP   3. require_once() C:\Users\Danilo\Local Sites\bikcraft\app\public\wp-blog-header.php:19
[07-Oct-2021 20:04:33 UTC] PHP   4. include() C:\Users\Danilo\Local Sites\bikcraft\app\public\wp-includes\template-loader.php:106
[07-Oct-2021 20:25:16 UTC] PHP Parse error:  syntax error, unexpected end of file in C:\Users\Danilo\Local Sites\bikcraft\app\public\wp-content\themes\bikcraft\functions.php on line 37
[07-Oct-2021 20:25:16 UTC] PHP Parse error:  syntax error, unexpected end of file in C:\Users\Danilo\Local Sites\bikcraft\app\public\wp-content\themes\bikcraft\functions.php on line 37
[07-Oct-2021 22:39:17 UTC] PHP Parse error:  syntax error, unexpected 'the_field' (T_STRING) in C:\Users\Danilo\Local Sites\bikcraft\app\public\wp-content\themes\bikcraft\inc\qualidade.php on line 3
[07-Oct-2021 22:39:20 UTC] PHP Parse error:  syntax error, unexpected 'the_field' (T_STRING) in C:\Users\Danilo\Local Sites\bikcraft\app\public\wp-content\themes\bikcraft\inc\qualidade.php on line 3
[07-Oct-2021 22:39:53 UTC] PHP Parse error:  syntax error, unexpected 'the_field' (T_STRING) in C:\Users\Danilo\Local Sites\bikcraft\app\public\wp-content\themes\bikcraft\inc\qualidade.php on line 4
[07-Oct-2021 22:40:02 UTC] PHP Warning:  Invalid argument supplied for foreach() in C:\Users\Danilo\Local Sites\bikcraft\app\public\wp-content\themes\bikcraft\inc\qualidade.php on line 8
[07-Oct-2021 22:40:02 UTC] PHP Stack trace:
[07-Oct-2021 22:40:02 UTC] PHP   1. {main}() C:\Users\Danilo\Local Sites\bikcraft\app\public\index.php:0
[07-Oct-2021 22:40:02 UTC] PHP   2. require() C:\Users\Danilo\Local Sites\bikcraft\app\public\index.php:17
[07-Oct-2021 22:40:02 UTC] PHP   3. require_once() C:\Users\Danilo\Local Sites\bikcraft\app\public\wp-blog-header.php:19
[07-Oct-2021 22:40:02 UTC] PHP   4. include() C:\Users\Danilo\Local Sites\bikcraft\app\public\wp-includes\template-loader.php:106
[07-Oct-2021 22:40:02 UTC] PHP   5. include() C:\Users\Danilo\Local Sites\bikcraft\app\public\wp-content\themes\bikcraft\page-sobre.php:31
[07-Oct-2021 22:44:57 UTC] PHP Warning:  Invalid argument supplied for foreach() in C:\Users\Danilo\Local Sites\bikcraft\app\public\wp-content\themes\bikcraft\inc\qualidade.php on line 8
[07-Oct-2021 22:44:57 UTC] PHP Stack trace:
[07-Oct-2021 22:44:57 UTC] PHP   1. {main}() C:\Users\Danilo\Local Sites\bikcraft\app\public\index.php:0
[07-Oct-2021 22:44:57 UTC] PHP   2. require() C:\Users\Danilo\Local Sites\bikcraft\app\public\index.php:17
[07-Oct-2021 22:44:57 UTC] PHP   3. require_once() C:\Users\Danilo\Local Sites\bikcraft\app\public\wp-blog-header.php:19
[07-Oct-2021 22:44:57 UTC] PHP   4. include() C:\Users\Danilo\Local Sites\bikcraft\app\public\wp-includes\template-loader.php:106
[07-Oct-2021 22:44:57 UTC] PHP   5. include() C:\Users\Danilo\Local Sites\bikcraft\app\public\wp-content\themes\bikcraft\page-home.php:67
[07-Oct-2021 22:45:00 UTC] PHP Warning:  Invalid argument supplied for foreach() in C:\Users\Danilo\Local Sites\bikcraft\app\public\wp-content\themes\bikcraft\inc\qualidade.php on line 8
[07-Oct-2021 22:45:00 UTC] PHP Stack trace:
[07-Oct-2021 22:45:00 UTC] PHP   1. {main}() C:\Users\Danilo\Local Sites\bikcraft\app\public\index.php:0
[07-Oct-2021 22:45:00 UTC] PHP   2. require() C:\Users\Danilo\Local Sites\bikcraft\app\public\index.php:17
[07-Oct-2021 22:45:00 UTC] PHP   3. require_once() C:\Users\Danilo\Local Sites\bikcraft\app\public\wp-blog-header.php:19
[07-Oct-2021 22:45:00 UTC] PHP   4. include() C:\Users\Danilo\Local Sites\bikcraft\app\public\wp-includes\template-loader.php:106
[07-Oct-2021 22:45:00 UTC] PHP   5. include() C:\Users\Danilo\Local Sites\bikcraft\app\public\wp-content\themes\bikcraft\page-sobre.php:31
[07-Oct-2021 22:45:13 UTC] PHP Warning:  Invalid argument supplied for foreach() in C:\Users\Danilo\Local Sites\bikcraft\app\public\wp-content\themes\bikcraft\inc\qualidade.php on line 8
[07-Oct-2021 22:45:13 UTC] PHP Stack trace:
[07-Oct-2021 22:45:13 UTC] PHP   1. {main}() C:\Users\Danilo\Local Sites\bikcraft\app\public\index.php:0
[07-Oct-2021 22:45:13 UTC] PHP   2. require() C:\Users\Danilo\Local Sites\bikcraft\app\public\index.php:17
[07-Oct-2021 22:45:13 UTC] PHP   3. require_once() C:\Users\Danilo\Local Sites\bikcraft\app\public\wp-blog-header.php:19
[07-Oct-2021 22:45:13 UTC] PHP   4. include() C:\Users\Danilo\Local Sites\bikcraft\app\public\wp-includes\template-loader.php:106
[07-Oct-2021 22:45:13 UTC] PHP   5. include() C:\Users\Danilo\Local Sites\bikcraft\app\public\wp-content\themes\bikcraft\page-sobre.php:31
[07-Oct-2021 22:47:14 UTC] PHP Warning:  Invalid argument supplied for foreach() in C:\Users\Danilo\Local Sites\bikcraft\app\public\wp-content\themes\bikcraft\inc\qualidade.php on line 8
[07-Oct-2021 22:47:14 UTC] PHP Stack trace:
[07-Oct-2021 22:47:14 UTC] PHP   1. {main}() C:\Users\Danilo\Local Sites\bikcraft\app\public\index.php:0
[07-Oct-2021 22:47:14 UTC] PHP   2. require() C:\Users\Danilo\Local Sites\bikcraft\app\public\index.php:17
[07-Oct-2021 22:47:14 UTC] PHP   3. require_once() C:\Users\Danilo\Local Sites\bikcraft\app\public\wp-blog-header.php:19
[07-Oct-2021 22:47:14 UTC] PHP   4. include() C:\Users\Danilo\Local Sites\bikcraft\app\public\wp-includes\template-loader.php:106
[07-Oct-2021 22:47:14 UTC] PHP   5. include() C:\Users\Danilo\Local Sites\bikcraft\app\public\wp-content\themes\bikcraft\page-sobre.php:31
[07-Oct-2021 22:48:43 UTC] PHP Warning:  Invalid argument supplied for foreach() in C:\Users\Danilo\Local Sites\bikcraft\app\public\wp-content\themes\bikcraft\inc\qualidade.php on line 8
[07-Oct-2021 22:48:43 UTC] PHP Stack trace:
[07-Oct-2021 22:48:43 UTC] PHP   1. {main}() C:\Users\Danilo\Local Sites\bikcraft\app\public\index.php:0
[07-Oct-2021 22:48:43 UTC] PHP   2. require() C:\Users\Danilo\Local Sites\bikcraft\app\public\index.php:17
[07-Oct-2021 22:48:43 UTC] PHP   3. require_once() C:\Users\Danilo\Local Sites\bikcraft\app\public\wp-blog-header.php:19
[07-Oct-2021 22:48:43 UTC] PHP   4. include() C:\Users\Danilo\Local Sites\bikcraft\app\public\wp-includes\template-loader.php:106
[07-Oct-2021 22:48:43 UTC] PHP   5. include() C:\Users\Danilo\Local Sites\bikcraft\app\public\wp-content\themes\bikcraft\page-sobre.php:31
[07-Oct-2021 22:50:03 UTC] PHP Warning:  Invalid argument supplied for foreach() in C:\Users\Danilo\Local Sites\bikcraft\app\public\wp-content\themes\bikcraft\inc\qualidade.php on line 8
[07-Oct-2021 22:50:03 UTC] PHP Stack trace:
[07-Oct-2021 22:50:03 UTC] PHP   1. {main}() C:\Users\Danilo\Local Sites\bikcraft\app\public\index.php:0
[07-Oct-2021 22:50:03 UTC] PHP   2. require() C:\Users\Danilo\Local Sites\bikcraft\app\public\index.php:17
[07-Oct-2021 22:50:03 UTC] PHP   3. require_once() C:\Users\Danilo\Local Sites\bikcraft\app\public\wp-blog-header.php:19
[07-Oct-2021 22:50:03 UTC] PHP   4. include() C:\Users\Danilo\Local Sites\bikcraft\app\public\wp-includes\template-loader.php:106
[07-Oct-2021 22:50:03 UTC] PHP   5. include() C:\Users\Danilo\Local Sites\bikcraft\app\public\wp-content\themes\bikcraft\page-sobre.php:31
[07-Oct-2021 22:51:35 UTC] PHP Warning:  Invalid argument supplied for foreach() in C:\Users\Danilo\Local Sites\bikcraft\app\public\wp-content\themes\bikcraft\inc\qualidade.php on line 8
[07-Oct-2021 22:51:35 UTC] PHP Stack trace:
[07-Oct-2021 22:51:35 UTC] PHP   1. {main}() C:\Users\Danilo\Local Sites\bikcraft\app\public\index.php:0
[07-Oct-2021 22:51:35 UTC] PHP   2. require() C:\Users\Danilo\Local Sites\bikcraft\app\public\index.php:17
[07-Oct-2021 22:51:35 UTC] PHP   3. require_once() C:\Users\Danilo\Local Sites\bikcraft\app\public\wp-blog-header.php:19
[07-Oct-2021 22:51:35 UTC] PHP   4. include() C:\Users\Danilo\Local Sites\bikcraft\app\public\wp-includes\template-loader.php:106
[07-Oct-2021 22:51:35 UTC] PHP   5. include() C:\Users\Danilo\Local Sites\bikcraft\app\public\wp-content\themes\bikcraft\page-home.php:67
[07-Oct-2021 23:38:38 UTC] PHP Warning:  Invalid argument supplied for foreach() in C:\Users\Danilo\Local Sites\bikcraft\app\public\wp-content\themes\bikcraft\inc\clientes-portifolio.php on line 5
[07-Oct-2021 23:38:38 UTC] PHP Stack trace:
[07-Oct-2021 23:38:38 UTC] PHP   1. {main}() C:\Users\Danilo\Local Sites\bikcraft\app\public\index.php:0
[07-Oct-2021 23:38:38 UTC] PHP   2. require() C:\Users\Danilo\Local Sites\bikcraft\app\public\index.php:17
[07-Oct-2021 23:38:38 UTC] PHP   3. require_once() C:\Users\Danilo\Local Sites\bikcraft\app\public\wp-blog-header.php:19
[07-Oct-2021 23:38:38 UTC] PHP   4. include() C:\Users\Danilo\Local Sites\bikcraft\app\public\wp-includes\template-loader.php:106
[07-Oct-2021 23:38:38 UTC] PHP   5. include() C:\Users\Danilo\Local Sites\bikcraft\app\public\wp-content\themes\bikcraft\page-portfolio.php:35
[07-Oct-2021 23:39:47 UTC] PHP Warning:  Invalid argument supplied for foreach() in C:\Users\Danilo\Local Sites\bikcraft\app\public\wp-content\themes\bikcraft\inc\clientes-portifolio.php on line 5
[07-Oct-2021 23:39:47 UTC] PHP Stack trace:
[07-Oct-2021 23:39:47 UTC] PHP   1. {main}() C:\Users\Danilo\Local Sites\bikcraft\app\public\index.php:0
[07-Oct-2021 23:39:47 UTC] PHP   2. require() C:\Users\Danilo\Local Sites\bikcraft\app\public\index.php:17
[07-Oct-2021 23:39:47 UTC] PHP   3. require_once() C:\Users\Danilo\Local Sites\bikcraft\app\public\wp-blog-header.php:19
[07-Oct-2021 23:39:47 UTC] PHP   4. include() C:\Users\Danilo\Local Sites\bikcraft\app\public\wp-includes\template-loader.php:106
[07-Oct-2021 23:39:47 UTC] PHP   5. include() C:\Users\Danilo\Local Sites\bikcraft\app\public\wp-content\themes\bikcraft\page-portfolio.php:35
[07-Oct-2021 23:39:48 UTC] PHP Warning:  Invalid argument supplied for foreach() in C:\Users\Danilo\Local Sites\bikcraft\app\public\wp-content\themes\bikcraft\inc\clientes-portifolio.php on line 5
[07-Oct-2021 23:39:48 UTC] PHP Stack trace:
[07-Oct-2021 23:39:48 UTC] PHP   1. {main}() C:\Users\Danilo\Local Sites\bikcraft\app\public\index.php:0
[07-Oct-2021 23:39:48 UTC] PHP   2. require() C:\Users\Danilo\Local Sites\bikcraft\app\public\index.php:17
[07-Oct-2021 23:39:48 UTC] PHP   3. require_once() C:\Users\Danilo\Local Sites\bikcraft\app\public\wp-blog-header.php:19
[07-Oct-2021 23:39:48 UTC] PHP   4. include() C:\Users\Danilo\Local Sites\bikcraft\app\public\wp-includes\template-loader.php:106
[07-Oct-2021 23:39:48 UTC] PHP   5. include() C:\Users\Danilo\Local Sites\bikcraft\app\public\wp-content\themes\bikcraft\page-portfolio.php:35
[07-Oct-2021 23:39:49 UTC] PHP Warning:  Invalid argument supplied for foreach() in C:\Users\Danilo\Local Sites\bikcraft\app\public\wp-content\themes\bikcraft\inc\clientes-portifolio.php on line 5
[07-Oct-2021 23:39:49 UTC] PHP Stack trace:
[07-Oct-2021 23:39:49 UTC] PHP   1. {main}() C:\Users\Danilo\Local Sites\bikcraft\app\public\index.php:0
[07-Oct-2021 23:39:49 UTC] PHP   2. require() C:\Users\Danilo\Local Sites\bikcraft\app\public\index.php:17
[07-Oct-2021 23:39:49 UTC] PHP   3. require_once() C:\Users\Danilo\Local Sites\bikcraft\app\public\wp-blog-header.php:19
[07-Oct-2021 23:39:49 UTC] PHP   4. include() C:\Users\Danilo\Local Sites\bikcraft\app\public\wp-includes\template-loader.php:106
[07-Oct-2021 23:39:49 UTC] PHP   5. include() C:\Users\Danilo\Local Sites\bikcraft\app\public\wp-content\themes\bikcraft\page-portfolio.php:35
[08-Oct-2021 14:56:39 UTC] PHP Fatal error:  Uncaught Error: Call to undefined function wp_get_attachmente_image_src() in C:\Users\Danilo\Local Sites\bikcraft\app\public\wp-content\themes\bikcraft\page-home.php:9
Stack trace:
#0 C:\Users\Danilo\Local Sites\bikcraft\app\public\wp-includes\template-loader.php(106): include()
#1 C:\Users\Danilo\Local Sites\bikcraft\app\public\wp-blog-header.php(19): require_once('C:\\Users\\Danilo...')
#2 C:\Users\Danilo\Local Sites\bikcraft\app\public\index.php(17): require('C:\\Users\\Danilo...')
#3 {main}
  thrown in C:\Users\Danilo\Local Sites\bikcraft\app\public\wp-content\themes\bikcraft\page-home.php on line 9
[08-Oct-2021 16:00:13 UTC] PHP Warning:  Invalid argument supplied for foreach() in C:\Users\Danilo\Local Sites\bikcraft\app\public\wp-content\themes\bikcraft\inc\redes-sociais.php on line 6
[08-Oct-2021 16:00:13 UTC] PHP Stack trace:
[08-Oct-2021 16:00:13 UTC] PHP   1. {main}() C:\Users\Danilo\Local Sites\bikcraft\app\public\index.php:0
[08-Oct-2021 16:00:13 UTC] PHP   2. require() C:\Users\Danilo\Local Sites\bikcraft\app\public\index.php:17
[08-Oct-2021 16:00:13 UTC] PHP   3. require_once() C:\Users\Danilo\Local Sites\bikcraft\app\public\wp-blog-header.php:19
[08-Oct-2021 16:00:13 UTC] PHP   4. include() C:\Users\Danilo\Local Sites\bikcraft\app\public\wp-includes\template-loader.php:106
[08-Oct-2021 16:00:13 UTC] PHP   5. include() C:\Users\Danilo\Local Sites\bikcraft\app\public\wp-content\themes\bikcraft\page-contato.php:35
[08-Oct-2021 16:21:45 UTC] PHP Parse error:  syntax error, unexpected '<', expecting end of file in C:\Users\Danilo\Local Sites\bikcraft\app\public\wp-content\themes\bikcraft\footer.php on line 3
[08-Oct-2021 16:21:45 UTC] PHP Parse error:  syntax error, unexpected '<', expecting end of file in C:\Users\Danilo\Local Sites\bikcraft\app\public\wp-content\themes\bikcraft\footer.php on line 3
[08-Oct-2021 16:21:45 UTC] PHP Parse error:  syntax error, unexpected '<', expecting end of file in C:\Users\Danilo\Local Sites\bikcraft\app\public\wp-content\themes\bikcraft\footer.php on line 3
[19-Oct-2021 16:17:49 UTC] PHP Warning:  Error while sending QUERY packet. PID=3784 in C:\Users\Danilo\Local Sites\bikcraft\app\public\wp-includes\wp-db.php on line 2056
[19-Oct-2021 16:17:49 UTC] PHP Stack trace:
[19-Oct-2021 16:17:49 UTC] PHP   1. {main}() C:\Users\Danilo\AppData\Local\Programs\Local\resources\extraResources\bin\wp-cli\wp-cli.phar:0
[19-Oct-2021 16:17:49 UTC] PHP   2. include() C:\Users\Danilo\AppData\Local\Programs\Local\resources\extraResources\bin\wp-cli\wp-cli.phar:4
[19-Oct-2021 16:17:49 UTC] PHP   3. include() phar://C:/Users/Danilo/AppData/Local/Programs/Local/resources/extraResources/bin/wp-cli/wp-cli.phar/php/boot-phar.php:11
[19-Oct-2021 16:17:49 UTC] PHP   4. WP_CLI\bootstrap() phar://C:/Users/Danilo/AppData/Local/Programs/Local/resources/extraResources/bin/wp-cli/wp-cli.phar/vendor/wp-cli/wp-cli/php/wp-cli.php:27
[19-Oct-2021 16:17:49 UTC] PHP   5. WP_CLI\Bootstrap\LaunchRunner->process() phar://C:/Users/Danilo/AppData/Local/Programs/Local/resources/extraResources/bin/wp-cli/wp-cli.phar/vendor/wp-cli/wp-cli/php/bootstrap.php:77
[19-Oct-2021 16:17:49 UTC] PHP   6. WP_CLI\Runner->start() phar://C:/Users/Danilo/AppData/Local/Programs/Local/resources/extraResources/bin/wp-cli/wp-cli.phar/vendor/wp-cli/wp-cli/php/WP_CLI/Bootstrap/LaunchRunner.php:23
[19-Oct-2021 16:17:49 UTC] PHP   7. WP_CLI\Runner->load_wordpress() phar://C:/Users/Danilo/AppData/Local/Programs/Local/resources/extraResources/bin/wp-cli/wp-cli.phar/vendor/wp-cli/wp-cli/php/WP_CLI/Runner.php:1192
[19-Oct-2021 16:17:49 UTC] PHP   8. require() phar://C:/Users/Danilo/AppData/Local/Programs/Local/resources/extraResources/bin/wp-cli/wp-cli.phar/vendor/wp-cli/wp-cli/php/WP_CLI/Runner.php:1271
[19-Oct-2021 16:17:49 UTC] PHP   9. do_action() C:\Users\Danilo\Local Sites\bikcraft\app\public\wp-settings.php:578
[19-Oct-2021 16:17:49 UTC] PHP  10. WP_Hook->do_action() C:\Users\Danilo\Local Sites\bikcraft\app\public\wp-includes\plugin.php:470
[19-Oct-2021 16:17:49 UTC] PHP  11. WP_Hook->apply_filters() C:\Users\Danilo\Local Sites\bikcraft\app\public\wp-includes\class-wp-hook.php:327
[19-Oct-2021 16:17:49 UTC] PHP  12. wp_widgets_init() C:\Users\Danilo\Local Sites\bikcraft\app\public\wp-includes\class-wp-hook.php:303
[19-Oct-2021 16:17:49 UTC] PHP  13. do_action() C:\Users\Danilo\Local Sites\bikcraft\app\public\wp-includes\widgets.php:1809
[19-Oct-2021 16:17:49 UTC] PHP  14. WP_Hook->do_action() C:\Users\Danilo\Local Sites\bikcraft\app\public\wp-includes\plugin.php:470
[19-Oct-2021 16:17:49 UTC] PHP  15. WP_Hook->apply_filters() C:\Users\Danilo\Local Sites\bikcraft\app\public\wp-includes\class-wp-hook.php:327
[19-Oct-2021 16:17:49 UTC] PHP  16. WP_Widget_Factory->_register_widgets() C:\Users\Danilo\Local Sites\bikcraft\app\public\wp-includes\class-wp-hook.php:303
[19-Oct-2021 16:17:49 UTC] PHP  17. WP_Widget_Text->_register() C:\Users\Danilo\Local Sites\bikcraft\app\public\wp-includes\class-wp-widget-factory.php:102
[19-Oct-2021 16:17:49 UTC] PHP  18. WP_Widget_Text->_register_one() C:\Users\Danilo\Local Sites\bikcraft\app\public\wp-includes\class-wp-widget.php:274
[19-Oct-2021 16:17:49 UTC] PHP  19. wp_add_inline_script() C:\Users\Danilo\Local Sites\bikcraft\app\public\wp-includes\widgets\class-wp-widget-text.php:59
[19-Oct-2021 16:17:49 UTC] PHP  20. wp_scripts() C:\Users\Danilo\Local Sites\bikcraft\app\public\wp-includes\functions.wp-scripts.php:147
[19-Oct-2021 16:17:49 UTC] PHP  21. WP_Scripts->__construct() C:\Users\Danilo\Local Sites\bikcraft\app\public\wp-includes\functions.wp-scripts.php:24
[19-Oct-2021 16:17:49 UTC] PHP  22. WP_Scripts->init() C:\Users\Danilo\Local Sites\bikcraft\app\public\wp-includes\class.wp-scripts.php:142
[19-Oct-2021 16:17:49 UTC] PHP  23. do_action_ref_array() C:\Users\Danilo\Local Sites\bikcraft\app\public\wp-includes\class.wp-scripts.php:167
[19-Oct-2021 16:17:49 UTC] PHP  24. WP_Hook->do_action() C:\Users\Danilo\Local Sites\bikcraft\app\public\wp-includes\plugin.php:518
[19-Oct-2021 16:17:49 UTC] PHP  25. WP_Hook->apply_filters() C:\Users\Danilo\Local Sites\bikcraft\app\public\wp-includes\class-wp-hook.php:327
[19-Oct-2021 16:17:49 UTC] PHP  26. wp_default_packages() C:\Users\Danilo\Local Sites\bikcraft\app\public\wp-includes\class-wp-hook.php:303
[19-Oct-2021 16:17:49 UTC] PHP  27. wp_register_tinymce_scripts() C:\Users\Danilo\Local Sites\bikcraft\app\public\wp-includes\script-loader.php:551
[19-Oct-2021 16:17:49 UTC] PHP  28. script_concat_settings() C:\Users\Danilo\Local Sites\bikcraft\app\public\wp-includes\script-loader.php:50
[19-Oct-2021 16:17:49 UTC] PHP  29. get_site_option() C:\Users\Danilo\Local Sites\bikcraft\app\public\wp-includes\script-loader.php:2225
[19-Oct-2021 16:17:49 UTC] PHP  30. get_network_option() C:\Users\Danilo\Local Sites\bikcraft\app\public\wp-includes\option.php:1292
[19-Oct-2021 16:17:49 UTC] PHP  31. get_option() C:\Users\Danilo\Local Sites\bikcraft\app\public\wp-includes\option.php:1427
[19-Oct-2021 16:17:49 UTC] PHP  32. wpdb->get_row() C:\Users\Danilo\Local Sites\bikcraft\app\public\wp-includes\option.php:171
[19-Oct-2021 16:17:49 UTC] PHP  33. wpdb->query() C:\Users\Danilo\Local Sites\bikcraft\app\public\wp-includes\wp-db.php:2615
[19-Oct-2021 16:17:49 UTC] PHP  34. wpdb->_do_query() C:\Users\Danilo\Local Sites\bikcraft\app\public\wp-includes\wp-db.php:1945
[19-Oct-2021 16:17:49 UTC] PHP  35. mysqli_query() C:\Users\Danilo\Local Sites\bikcraft\app\public\wp-includes\wp-db.php:2056
